{
  "0 debug pnpm:scope": {
    "selected": 1,
    "workspacePrefix": "D:\\StudyProject\\eslint-config"
  },
  "1 error pnpm": {
    "errno": 1,
    "code": "ELIFECYCLE",
    "pkgid": "config@1.1.1",
    "stage": "release",
    "script": "bumpp package.json packages/*/package.json --commit --push --tag && pnpm -r publish --access public",
    "pkgname": "config",
    "err": {
      "name": "pnpm",
      "message": "config@1.1.1 release: `bumpp package.json packages/*/package.json --commit --push --tag && pnpm -r publish --access public`\nExit status 1",
      "code": "ELIFECYCLE",
      "stack": "pnpm: config@1.1.1 release: `bumpp package.json packages/*/package.json --commit --push --tag && pnpm -r publish --access public`\nExit status 1\n    at EventEmitter.<anonymous> (D:\\pnpm_global\\5\\node_modules\\.pnpm\\pnpm@7.0.0\\node_modules\\pnpm\\dist\\pnpm.cjs:106732:20)\n    at EventEmitter.emit (node:events:390:28)\n    at ChildProcess.<anonymous> (D:\\pnpm_global\\5\\node_modules\\.pnpm\\pnpm@7.0.0\\node_modules\\pnpm\\dist\\pnpm.cjs:93301:18)\n    at ChildProcess.emit (node:events:390:28)\n    at maybeClose (node:internal/child_process:1064:16)\n    at Process.ChildProcess._handle.onexit (node:internal/child_process:301:5)"
    }
  },
  "2 warn pnpm:global": " Local package.json exists, but node_modules missing, did you mean to install?"
}